[debug] [2017-10-09T19:17:14.153Z] ----------------------------------------------------------------------
[debug] [2017-10-09T19:17:14.155Z] Command:       /usr/local/bin/node /usr/local/bin/firebase serve
[debug] [2017-10-09T19:17:14.155Z] CLI Version:   3.13.1
[debug] [2017-10-09T19:17:14.156Z] Platform:      linux
[debug] [2017-10-09T19:17:14.156Z] Node Version:  v8.6.0
[debug] [2017-10-09T19:17:14.156Z] Time:          Mon Oct 09 2017 15:17:14 GMT-0400 (EDT)
[debug] [2017-10-09T19:17:14.156Z] ----------------------------------------------------------------------
[debug] 
[debug] [2017-10-09T19:17:14.164Z] > command requires scopes: ["email","openid","https://www.googleapis.com/auth/cloudplatformprojects.readonly","https://www.googleapis.com/auth/firebase","https://www.googleapis.com/auth/cloud-platform"]
[debug] [2017-10-09T19:17:14.164Z] > authorizing via signed-in user
[debug] [2017-10-09T19:17:14.165Z] > refreshing access token with scopes: ["email","https://www.googleapis.com/auth/cloud-platform","https://www.googleapis.com/auth/cloudplatformprojects.readonly","https://www.googleapis.com/auth/firebase","openid"]
[debug] [2017-10-09T19:17:14.165Z] >>> HTTP REQUEST POST https://www.googleapis.com/oauth2/v3/token { refresh_token: '1/EYrrIPvLAJv_9V8-6MkAgfCPIxZ-AMawHVbrEfQ89_A',
  client_id: '563584335869-fgrhgmd47bqnekij5i8b5pr03ho849e6.apps.googleusercontent.com',
  client_secret: 'j9iVZfS8kkCEFUPaAeJV0sAi',
  grant_type: 'refresh_token',
  scope: 'email https://www.googleapis.com/auth/cloud-platform https://www.googleapis.com/auth/cloudplatformprojects.readonly https://www.googleapis.com/auth/firebase openid' } 
 Mon Oct 09 2017 15:17:14 GMT-0400 (EDT)
[debug] [2017-10-09T19:17:14.386Z] <<< HTTP RESPONSE 200
[debug] [2017-10-09T19:17:14.397Z] >>> HTTP REQUEST GET https://admin.firebase.com/v1/projects/ec602hw2-367de  
 Mon Oct 09 2017 15:17:14 GMT-0400 (EDT)
[debug] [2017-10-09T19:17:14.784Z] <<< HTTP RESPONSE 200
[debug] [2017-10-09T19:17:14.786Z] >>> HTTP REQUEST GET https://admin.firebase.com/v1/database/ec602hw2-367de/tokens  
 Mon Oct 09 2017 15:17:14 GMT-0400 (EDT)
[debug] [2017-10-09T19:17:15.209Z] <<< HTTP RESPONSE 200
[info] 
[info] === Serving from '/media/tianyiz/娱乐/bootstrap-3.3.7-dist'...
[info] 
[debug] [2017-10-09T19:17:15.214Z] >>> HTTP REQUEST GET https://cloudresourcemanager.googleapis.com/v1/projects/ec602hw2-367de  
 Mon Oct 09 2017 15:17:15 GMT-0400 (EDT)
[debug] [2017-10-09T19:17:15.486Z] <<< HTTP RESPONSE 200
[debug] [2017-10-09T19:17:15.487Z] >>> HTTP REQUEST GET https://mobilesdk-pa.googleapis.com/v1/projects/207495531342/clients/_:getWebAppConfig  
 Mon Oct 09 2017 15:17:15 GMT-0400 (EDT)
[debug] [2017-10-09T19:17:15.923Z] <<< HTTP RESPONSE 200
[debug] [2017-10-09T19:17:15.937Z] TypeError: Cannot read property 'public' of undefined
    at Server.<anonymous> (/usr/local/lib/node_modules/firebase-tools/lib/serve/hosting.js:34:17)
    at Object.onceWrapper (events.js:314:30)
    at emitNone (events.js:105:13)
    at Server.emit (events.js:207:7)
    at emitListeningNT (net.js:1371:10)
    at _combinedTickCallback (internal/process/next_tick.js:135:11)
    at process._tickDomainCallback (internal/process/next_tick.js:218:9)
[error] 
[error] Error: An unexpected error has occurred.
